0 info it worked if it ends with ok
1 verbose cli [ '/usr/local/bin/node',
1 verbose cli   '/usr/local/bin/npm',
1 verbose cli   'install',
1 verbose cli   'babel-es2015',
1 verbose cli   '--save' ]
2 info using npm@2.14.3
3 info using node@v4.1.0
4 verbose install initial load of /Users/bhupesh.patel/work/YoutubeSearch/package.json
5 warn package.json youtube-search@1.0.0 No repository field.
6 verbose installManyTop reading scoped package data from /Users/bhupesh.patel/work/YoutubeSearch/node_modules/babel-core/package.json
7 verbose installManyTop reading scoped package data from /Users/bhupesh.patel/work/YoutubeSearch/node_modules/babel-loader/package.json
8 verbose installManyTop reading scoped package data from /Users/bhupesh.patel/work/YoutubeSearch/node_modules/babel-preset-es2015/package.json
9 verbose installManyTop reading scoped package data from /Users/bhupesh.patel/work/YoutubeSearch/node_modules/babel-preset-react/package.json
10 verbose installManyTop reading scoped package data from /Users/bhupesh.patel/work/YoutubeSearch/node_modules/babel-preset-stage-1/package.json
11 verbose installManyTop reading scoped package data from /Users/bhupesh.patel/work/YoutubeSearch/node_modules/lodash/package.json
12 verbose installManyTop reading scoped package data from /Users/bhupesh.patel/work/YoutubeSearch/node_modules/react/package.json
13 verbose installManyTop reading scoped package data from /Users/bhupesh.patel/work/YoutubeSearch/node_modules/react-dom/package.json
14 verbose installManyTop reading scoped package data from /Users/bhupesh.patel/work/YoutubeSearch/node_modules/react-redux/package.json
15 verbose installManyTop reading scoped package data from /Users/bhupesh.patel/work/YoutubeSearch/node_modules/redux/package.json
16 verbose installManyTop reading scoped package data from /Users/bhupesh.patel/work/YoutubeSearch/node_modules/webpack/package.json
17 verbose installManyTop reading scoped package data from /Users/bhupesh.patel/work/YoutubeSearch/node_modules/webpack-dev-server/package.json
18 verbose installManyTop reading scoped package data from /Users/bhupesh.patel/work/YoutubeSearch/node_modules/youtube-api-search/package.json
19 info package.json youtube-api-search@0.0.5 No repository field.
20 verbose readDependencies loading dependencies from /Users/bhupesh.patel/work/YoutubeSearch/package.json
21 silly cache add args [ 'babel-es2015', null ]
22 verbose cache add spec babel-es2015
23 silly cache add parsed spec Result {
23 silly cache add   raw: 'babel-es2015',
23 silly cache add   scope: null,
23 silly cache add   name: 'babel-es2015',
23 silly cache add   rawSpec: '',
23 silly cache add   spec: '*',
23 silly cache add   type: 'range' }
24 silly addNamed babel-es2015@*
25 verbose addNamed "*" is a valid semver range for babel-es2015
26 silly addNameRange { name: 'babel-es2015', range: '*', hasData: false }
27 silly mapToRegistry name babel-es2015
28 silly mapToRegistry using default registry
29 silly mapToRegistry registry https://registry.npmjs.org/
30 silly mapToRegistry uri https://registry.npmjs.org/babel-es2015
31 verbose addNameRange registry:https://registry.npmjs.org/babel-es2015 not in flight; fetching
32 verbose request uri https://registry.npmjs.org/babel-es2015
33 verbose request no auth needed
34 info attempt registry request try #1 at 12:04:28 PM
35 verbose request id b84798326feb895c
36 http request GET https://registry.npmjs.org/babel-es2015
37 http 404 https://registry.npmjs.org/babel-es2015
38 verbose headers { 'content-type': 'application/json',
38 verbose headers   'cache-control': 'max-age=0',
38 verbose headers   'content-length': '2',
38 verbose headers   'accept-ranges': 'bytes',
38 verbose headers   date: 'Fri, 15 Jan 2016 20:04:29 GMT',
38 verbose headers   via: '1.1 varnish',
38 verbose headers   age: '0',
38 verbose headers   connection: 'keep-alive',
38 verbose headers   'x-served-by': 'cache-lax1421-LAX',
38 verbose headers   'x-cache': 'MISS',
38 verbose headers   'x-cache-hits': '0',
38 verbose headers   'x-timer': 'S1452888269.489622,VS0,VE52' }
39 silly get cb [ 404,
39 silly get   { 'content-type': 'application/json',
39 silly get     'cache-control': 'max-age=0',
39 silly get     'content-length': '2',
39 silly get     'accept-ranges': 'bytes',
39 silly get     date: 'Fri, 15 Jan 2016 20:04:29 GMT',
39 silly get     via: '1.1 varnish',
39 silly get     age: '0',
39 silly get     connection: 'keep-alive',
39 silly get     'x-served-by': 'cache-lax1421-LAX',
39 silly get     'x-cache': 'MISS',
39 silly get     'x-cache-hits': '0',
39 silly get     'x-timer': 'S1452888269.489622,VS0,VE52' } ]
40 verbose stack Error: Registry returned 404 for GET on https://registry.npmjs.org/babel-es2015
40 verbose stack     at makeError (/usr/local/lib/node_modules/npm/node_modules/npm-registry-client/lib/request.js:263:12)
40 verbose stack     at CachingRegistryClient.<anonymous> (/usr/local/lib/node_modules/npm/node_modules/npm-registry-client/lib/request.js:241:14)
40 verbose stack     at Request._callback (/usr/local/lib/node_modules/npm/node_modules/npm-registry-client/lib/request.js:171:14)
40 verbose stack     at Request.self.callback (/usr/local/lib/node_modules/npm/node_modules/request/request.js:198:22)
40 verbose stack     at emitTwo (events.js:87:13)
40 verbose stack     at Request.emit (events.js:172:7)
40 verbose stack     at Request.<anonymous> (/usr/local/lib/node_modules/npm/node_modules/request/request.js:1073:14)
40 verbose stack     at emitOne (events.js:82:20)
40 verbose stack     at Request.emit (events.js:169:7)
40 verbose stack     at IncomingMessage.<anonymous> (/usr/local/lib/node_modules/npm/node_modules/request/request.js:1019:12)
41 verbose statusCode 404
42 verbose pkgid babel-es2015
43 verbose cwd /Users/bhupesh.patel/work/YoutubeSearch
44 error Darwin 14.5.0
45 error argv "/usr/local/bin/node" "/usr/local/bin/npm" "install" "babel-es2015" "--save"
46 error node v4.1.0
47 error npm  v2.14.3
48 error code E404
49 error 404 Registry returned 404 for GET on https://registry.npmjs.org/babel-es2015
49 error 404
49 error 404 'babel-es2015' is not in the npm registry.
49 error 404 You should bug the author to publish it (or use the name yourself!)
49 error 404 It was specified as a dependency of 'youtube-search'
49 error 404
49 error 404 Note that you can also install from a
49 error 404 tarball, folder, http url, or git url.
50 verbose exit [ 1, true ]
